モ SHOW 锔 No se pudo leer el jugador por nombre: Prob 
扳 LOG  锔 2026-01-22 22:55:57 | UserPlayerDAO.readByName | [SQLITE_ERROR] SQL error or missing database (no such column: idPlayr)
モ SHOW 锔 Error en Iniciar el juego 
扳 LOG  锔 2026-01-24 22:35:37 | undefined.undefined | Caracoles, ocurrio un error inesperado! Contacta al administrador
モ SHOW 锔 No se pudo establecer conexi贸n con la base de datos: jdbc:sqlite:C:\PROYECTO-FINAL-PROG-II\app\Storage\Database\triv.sqlite 
扳 LOG  锔 2026-01-25 20:02:48 | DataHelperSQLite.openConnection | [SQLITE_CANTOPEN] Unable to open the database file (unable to open database file)
モ SHOW 锔 No se pudo establecer conexi贸n con la base de datos: jdbc:sqlite: Storage\Database\triv.sqlite 
扳 LOG  锔 2026-01-25 20:57:02 | DataHelperSQLite.openConnection | [SQLITE_CANTOPEN] Unable to open the database file (unable to open database file)
モ SHOW 锔 No se pudo establecer conexi贸n con la base de datos: jdbc:sqlite: Storage\Database\triv.sqlite 
扳 LOG  锔 2026-01-25 20:58:00 | DataHelperSQLite.openConnection | [SQLITE_CANTOPEN] Unable to open the database file (unable to open database file)
モ SHOW 锔 probando 
扳 LOG  锔 2026-01-25 21:41:02 | undefined.undefined | Caracoles, ocurrio un error inesperado! Contacta al administrador
モ SHOW 锔 No se pudo establecer conexi贸n con la base de datos: jdbc:sqlite:C:\PROYECTO-FINAL-PROG-II\app\Storage\Database\triv.sqlite 
扳 LOG  锔 2026-01-25 22:34:59 | DataHelperSQLite.openConnection | [SQLITE_CANTOPEN] Unable to open the database file (unable to open database file)
モ SHOW 锔 No se pudo leer las preguntas 
扳 LOG  锔 2026-01-25 22:34:59 | QuestionDAO.readAllQuestion | No se pudo establecer conexi贸n con la base de datos: jdbc:sqlite:C:\PROYECTO-FINAL-PROG-II\app\Storage\Database\triv.sqlite
モ SHOW 锔 Error en Iniciar el juego 
扳 LOG  锔 2026-01-25 22:35:20 | undefined.undefined | Caracoles, ocurrio un error inesperado! Contacta al administrador
モ SHOW 锔 No se pudo establecer conexi贸n con la base de datos: jdbc:sqlite:C:\PROYECTO-FINAL-PROG-II\app\Storage\Database\triv.sqlite 
扳 LOG  锔 2026-01-25 22:39:05 | DataHelperSQLite.openConnection | [SQLITE_CANTOPEN] Unable to open the database file (unable to open database file)
モ SHOW 锔 No se pudo leer las preguntas 
扳 LOG  锔 2026-01-25 22:39:05 | QuestionDAO.readAllQuestion | No se pudo establecer conexi贸n con la base de datos: jdbc:sqlite:C:\PROYECTO-FINAL-PROG-II\app\Storage\Database\triv.sqlite
モ SHOW 锔 Error en Iniciar el juego 
扳 LOG  锔 2026-01-25 22:39:09 | undefined.undefined | Caracoles, ocurrio un error inesperado! Contacta al administrador
